{
  "RSpec": {
    "coverage": {
      "/Users/braddunlap/Desktop/turing_work/3mod/projects/bring_a_jacket/spec/facades/roadtrip_facade_spec.rb": {
        "lines": [
          1,
          null,
          1,
          1,
          1,
          1,
          1,
          1,
          1,
          null,
          1,
          1,
          1,
          1,
          1,
          1,
          1,
          1,
          1,
          null,
          null,
          null,
          null
        ]
      },
      "/Users/braddunlap/Desktop/turing_work/3mod/projects/bring_a_jacket/spec/rails_helper.rb": {
        "lines": [
          null,
          1,
          1,
          null,
          1,
          1,
          null,
          1,
          1,
          null,
          null,
          null,
          null,
          null,
          null,
          null,
          null,
          null,
          null,
          null,
          null,
          null,
          null,
          null,
          null,
          null,
          null,
          null,
          null,
          1,
          null,
          null,
          null,
          1,
          null,
          1,
          null,
          null,
          null,
          null,
          1,
          null,
          null,
          null,
          null,
          null,
          null,
          null,
          null,
          null,
          null,
          null,
          null,
          null,
          null,
          null,
          null,
          null,
          1,
          null,
          null,
          1,
          null,
          null,
          null,
          1,
          1,
          1,
          1,
          null,
          null,
          null,
          1,
          1,
          1,
          1,
          null
        ]
      },
      "/Users/braddunlap/Desktop/turing_work/3mod/projects/bring_a_jacket/config/environment.rb": {
        "lines": [
          null,
          1,
          null,
          null,
          1
        ]
      },
      "/Users/braddunlap/Desktop/turing_work/3mod/projects/bring_a_jacket/config/application.rb": {
        "lines": [
          1,
          null,
          1,
          null,
          1,
          1,
          1,
          1,
          1,
          1,
          1,
          1,
          1,
          1,
          null,
          null,
          null,
          null,
          1,
          null,
          1,
          1,
          null,
          1,
          null,
          null,
          null,
          null,
          null,
          null,
          null,
          null,
          null,
          null,
          null,
          null,
          1,
          null,
          null
        ]
      },
      "/Users/braddunlap/Desktop/turing_work/3mod/projects/bring_a_jacket/config/boot.rb": {
        "lines": [
          1,
          null,
          1,
          1
        ]
      },
      "/Users/braddunlap/Desktop/turing_work/3mod/projects/bring_a_jacket/config/environments/test.rb": {
        "lines": [
          1,
          null,
          null,
          null,
          null,
          null,
          null,
          1,
          null,
          null,
          null,
          1,
          null,
          null,
          null,
          null,
          1,
          null,
          null,
          1,
          1,
          null,
          null,
          null,
          null,
          1,
          1,
          1,
          null,
          null,
          1,
          null,
          null,
          1,
          null,
          null,
          1,
          null,
          1,
          null,
          null,
          null,
          null,
          1,
          null,
          null,
          1,
          null,
          null,
          1,
          null,
          null,
          1,
          null,
          null,
          null,
          null,
          null,
          null,
          null
        ]
      },
      "/Users/braddunlap/Desktop/turing_work/3mod/projects/bring_a_jacket/config/initializers/cors.rb": {
        "lines": [
          null,
          null,
          null,
          null,
          null,
          null,
          null,
          null,
          null,
          null,
          null,
          null,
          null,
          null,
          null,
          null
        ]
      },
      "/Users/braddunlap/Desktop/turing_work/3mod/projects/bring_a_jacket/config/initializers/filter_parameter_logging.rb": {
        "lines": [
          null,
          null,
          null,
          null,
          null,
          1,
          null,
          null
        ]
      },
      "/Users/braddunlap/Desktop/turing_work/3mod/projects/bring_a_jacket/config/initializers/inflections.rb": {
        "lines": [
          null,
          null,
          null,
          null,
          null,
          null,
          null,
          null,
          null,
          null,
          null,
          null,
          null,
          null,
          null,
          null
        ]
      },
      "/Users/braddunlap/Desktop/turing_work/3mod/projects/bring_a_jacket/spec/factories/users.rb": {
        "lines": [
          1,
          1,
          2,
          2,
          null,
          null
        ]
      },
      "/Users/braddunlap/Desktop/turing_work/3mod/projects/bring_a_jacket/config/routes.rb": {
        "lines": [
          1,
          null,
          null,
          null,
          null,
          null,
          1,
          1,
          1,
          1,
          1,
          1,
          1,
          null,
          null,
          null
        ]
      },
      "/Users/braddunlap/Desktop/turing_work/3mod/projects/bring_a_jacket/app/facades/roadtrip_facade.rb": {
        "lines": [
          null,
          1,
          1,
          1,
          1,
          null,
          0,
          null,
          null,
          null,
          null,
          null,
          0,
          null,
          1,
          1,
          1,
          1,
          null,
          1,
          1,
          1,
          null,
          1,
          3,
          1,
          6,
          null,
          1,
          null,
          null,
          null,
          null,
          null,
          null,
          null,
          null,
          null,
          1,
          null,
          null,
          null,
          null,
          null,
          null,
          null
        ]
      },
      "/Users/braddunlap/Desktop/turing_work/3mod/projects/bring_a_jacket/spec/facades/salary_facade_spec.rb": {
        "lines": [
          1,
          null,
          1,
          1,
          1,
          1,
          1,
          1,
          null,
          null,
          1,
          1,
          1,
          1,
          1,
          1,
          null,
          null,
          1,
          1,
          1,
          1,
          null,
          null,
          1,
          1,
          null,
          null,
          1,
          null,
          1,
          1,
          1,
          1,
          null,
          1,
          null,
          null,
          null,
          null
        ]
      },
      "/Users/braddunlap/Desktop/turing_work/3mod/projects/bring_a_jacket/app/facades/salary_facade.rb": {
        "lines": [
          null,
          1,
          1,
          2,
          null,
          2,
          2,
          null,
          2,
          104,
          14,
          14,
          14,
          null,
          null,
          null,
          null,
          null,
          null,
          2,
          null,
          null,
          1,
          2,
          2,
          2,
          2,
          null,
          null,
          2,
          null,
          null,
          null,
          null,
          1,
          null,
          1,
          null,
          null,
          null,
          null,
          1,
          null,
          null
        ]
      },
      "/Users/braddunlap/Desktop/turing_work/3mod/projects/bring_a_jacket/spec/facades/weather_facade_spec.rb": {
        "lines": [
          1,
          null,
          1,
          1,
          1,
          3,
          3,
          3,
          1,
          null,
          1,
          2,
          null,
          null,
          1,
          1,
          null,
          null,
          null,
          null,
          null,
          null,
          null,
          null,
          1,
          null,
          1,
          1,
          1,
          1,
          1,
          1,
          1,
          1,
          1,
          1,
          1,
          1,
          1,
          1,
          1,
          1,
          1,
          null,
          null,
          1,
          1,
          null,
          null,
          null,
          null,
          null,
          null,
          null,
          null,
          1,
          1,
          1,
          1,
          1,
          1,
          1,
          1,
          1,
          1,
          1,
          null,
          null,
          null,
          null
        ]
      },
      "/Users/braddunlap/Desktop/turing_work/3mod/projects/bring_a_jacket/app/facades/weather_facade.rb": {
        "lines": [
          null,
          null,
          1,
          1,
          3,
          3,
          3,
          3,
          null,
          null,
          3,
          null,
          null,
          null,
          null,
          null,
          null,
          null,
          null,
          null,
          3,
          null,
          15,
          null,
          null,
          null,
          null,
          null,
          null,
          null,
          null,
          null,
          3,
          null,
          72,
          null,
          null,
          null,
          null,
          null,
          null,
          3,
          null,
          null
        ]
      },
      "/Users/braddunlap/Desktop/turing_work/3mod/projects/bring_a_jacket/spec/models/user_spec.rb": {
        "lines": [
          1,
          1,
          2,
          2,
          2,
          null,
          null
        ]
      },
      "/Users/braddunlap/Desktop/turing_work/3mod/projects/bring_a_jacket/app/models/user.rb": {
        "lines": [
          1,
          1,
          null,
          1,
          null,
          1,
          null,
          1,
          null,
          1,
          2,
          null,
          null
        ]
      },
      "/Users/braddunlap/Desktop/turing_work/3mod/projects/bring_a_jacket/app/models/application_record.rb": {
        "lines": [
          1,
          1,
          null
        ]
      },
      "/Users/braddunlap/Desktop/turing_work/3mod/projects/bring_a_jacket/spec/poros/forecast_spec.rb": {
        "lines": [
          1,
          null,
          1,
          1,
          1,
          1,
          null,
          1,
          null,
          null,
          null,
          null,
          null,
          null,
          null,
          null,
          null,
          null,
          null,
          1,
          null,
          null,
          null,
          null,
          null,
          null,
          null,
          null,
          null,
          null,
          null,
          null,
          null,
          null,
          null,
          null,
          null,
          null,
          null,
          null,
          null,
          null,
          null,
          null,
          null,
          null,
          null,
          null,
          null,
          null,
          null,
          null,
          null,
          null,
          null,
          null,
          null,
          null,
          null,
          null,
          null,
          null,
          1,
          null,
          null,
          null,
          null,
          null,
          null,
          null,
          null,
          null,
          null,
          null,
          null,
          null,
          null,
          null,
          null,
          null,
          null,
          null,
          null,
          null,
          null,
          null,
          null,
          null,
          1,
          1,
          1,
          1,
          1,
          1,
          1,
          null,
          null,
          null,
          null
        ]
      },
      "/Users/braddunlap/Desktop/turing_work/3mod/projects/bring_a_jacket/app/poros/forecast.rb": {
        "lines": [
          1,
          1,
          null,
          1,
          4,
          4,
          4,
          4,
          4,
          null,
          null
        ]
      },
      "/Users/braddunlap/Desktop/turing_work/3mod/projects/bring_a_jacket/spec/poros/salary_spec.rb": {
        "lines": [
          1,
          null,
          1,
          1,
          1,
          1,
          null,
          1,
          null,
          null,
          null,
          null,
          null,
          null,
          null,
          null,
          null,
          null,
          null,
          null,
          null,
          null,
          null,
          null,
          null,
          null,
          null,
          null,
          1,
          1,
          1,
          1,
          1,
          1,
          1,
          1,
          1,
          1,
          1,
          1,
          1,
          1,
          null,
          null,
          null,
          null
        ]
      },
      "/Users/braddunlap/Desktop/turing_work/3mod/projects/bring_a_jacket/app/poros/salary.rb": {
        "lines": [
          1,
          1,
          null,
          1,
          2,
          2,
          2,
          2,
          null,
          null
        ]
      },
      "/Users/braddunlap/Desktop/turing_work/3mod/projects/bring_a_jacket/spec/requests/api/v0/forecast_request_spec.rb": {
        "lines": [
          1,
          null,
          1,
          1,
          1,
          1,
          1,
          1,
          1,
          1,
          null,
          1,
          null,
          1,
          null,
          1,
          1,
          null,
          1,
          1,
          1,
          1,
          null,
          null,
          null
        ]
      },
      "/Users/braddunlap/Desktop/turing_work/3mod/projects/bring_a_jacket/spec/requests/api/v0/road_trip_request_spec.rb": {
        "lines": [
          1,
          null,
          1,
          1,
          1,
          2,
          null,
          1,
          null,
          1,
          null,
          null,
          null,
          null,
          null,
          1,
          null,
          0,
          null,
          null,
          null,
          null,
          null,
          1,
          1,
          0,
          null,
          0,
          0,
          0,
          0,
          null,
          null,
          1,
          0,
          0,
          null,
          0,
          0,
          0,
          0,
          0,
          0,
          null,
          null,
          null
        ]
      },
      "/Users/braddunlap/Desktop/turing_work/3mod/projects/bring_a_jacket/spec/requests/api/v0/salaries_request_spec.rb": {
        "lines": [
          1,
          null,
          1,
          1,
          1,
          0,
          0,
          0,
          0,
          0,
          null,
          null,
          0,
          null,
          0,
          0,
          0,
          0,
          0,
          0,
          null,
          null,
          null
        ]
      },
      "/Users/braddunlap/Desktop/turing_work/3mod/projects/bring_a_jacket/spec/requests/api/v0/user_request_spec.rb": {
        "lines": [
          1,
          null,
          1,
          1,
          1,
          1,
          null,
          0,
          null,
          null,
          null,
          null,
          null,
          1,
          null,
          0,
          null,
          null,
          null,
          null,
          null,
          1,
          null,
          0,
          null,
          null,
          null,
          null,
          null,
          1,
          0,
          0,
          null,
          0,
          0,
          0,
          0,
          0,
          null,
          null,
          1,
          0,
          null,
          0,
          0,
          null,
          null,
          1,
          0,
          0,
          null,
          0,
          null,
          0,
          null,
          0,
          0,
          null,
          null,
          1,
          0,
          0,
          null,
          0,
          0,
          null,
          null,
          null,
          null
        ]
      },
      "/Users/braddunlap/Desktop/turing_work/3mod/projects/bring_a_jacket/spec/requests/session_request_spec.rb": {
        "lines": [
          1,
          null,
          1,
          1,
          1,
          null,
          0,
          null,
          null,
          null,
          null,
          null,
          1,
          0,
          0,
          null,
          0,
          null,
          null,
          1,
          1,
          null,
          0,
          null,
          null,
          null,
          null,
          1,
          null,
          0,
          0,
          null,
          null,
          null,
          1,
          1,
          null,
          0,
          null,
          null,
          null,
          null,
          1,
          null,
          0,
          null,
          null,
          null,
          null,
          1,
          0,
          null,
          0,
          0,
          null,
          null,
          1,
          0,
          null,
          0,
          0,
          null,
          null,
          null,
          null
        ]
      },
      "/Users/braddunlap/Desktop/turing_work/3mod/projects/bring_a_jacket/spec/services/location_service_spec.rb": {
        "lines": [
          1,
          null,
          1,
          1,
          1,
          1,
          0,
          0,
          null,
          0,
          null,
          0,
          0,
          0,
          null,
          0,
          null,
          0,
          0,
          null,
          0,
          null,
          0,
          0,
          0,
          0,
          0,
          null,
          null,
          null,
          null
        ]
      },
      "/Users/braddunlap/Desktop/turing_work/3mod/projects/bring_a_jacket/app/services/location_service.rb": {
        "lines": [
          1,
          1,
          4,
          4,
          null,
          null,
          1,
          1,
          4,
          null,
          null
        ]
      },
      "/Users/braddunlap/Desktop/turing_work/3mod/projects/bring_a_jacket/spec/services/roadtrip_service_spec.rb": {
        "lines": [
          1,
          null,
          1,
          1,
          1,
          1,
          0,
          0,
          0,
          null,
          0,
          null,
          0,
          null,
          0,
          0,
          0,
          null,
          null,
          null,
          null
        ]
      },
      "/Users/braddunlap/Desktop/turing_work/3mod/projects/bring_a_jacket/spec/services/salary_service_spec.rb": {
        "lines": [
          1,
          null,
          1,
          1,
          1,
          1,
          0,
          0,
          null,
          0,
          null,
          0,
          null,
          null,
          null,
          null,
          null
        ]
      },
      "/Users/braddunlap/Desktop/turing_work/3mod/projects/bring_a_jacket/spec/services/weather_service_spec.rb": {
        "lines": [
          1,
          null,
          1,
          1,
          1,
          1,
          0,
          0,
          0,
          0,
          null,
          0,
          null,
          0,
          0,
          0,
          0,
          0,
          0,
          0,
          0,
          null,
          null,
          null,
          null
        ]
      },
      "/Users/braddunlap/Desktop/turing_work/3mod/projects/bring_a_jacket/app/services/weather_service.rb": {
        "lines": [
          1,
          1,
          6,
          6,
          null,
          null,
          1,
          null,
          1,
          6,
          null,
          null
        ]
      },
      "/Users/braddunlap/Desktop/turing_work/3mod/projects/bring_a_jacket/app/services/roadtrip_service.rb": {
        "lines": [
          1,
          1,
          1,
          1,
          null,
          null,
          1,
          null,
          1,
          1,
          null,
          null
        ]
      },
      "/Users/braddunlap/Desktop/turing_work/3mod/projects/bring_a_jacket/app/poros/roadtrip.rb": {
        "lines": [
          1,
          1,
          1,
          1,
          1,
          1,
          1,
          1,
          null,
          null
        ]
      },
      "/Users/braddunlap/Desktop/turing_work/3mod/projects/bring_a_jacket/app/services/salary_service.rb": {
        "lines": [
          1,
          1,
          2,
          2,
          null,
          null,
          null,
          1,
          null,
          1,
          2,
          null,
          null
        ]
      },
      "/Users/braddunlap/Desktop/turing_work/3mod/projects/bring_a_jacket/app/controllers/api/v0/forecast_controller.rb": {
        "lines": [
          1,
          null,
          1,
          1,
          1,
          1,
          null,
          null
        ]
      },
      "/Users/braddunlap/Desktop/turing_work/3mod/projects/bring_a_jacket/app/controllers/application_controller.rb": {
        "lines": [
          1,
          null
        ]
      },
      "/Users/braddunlap/Desktop/turing_work/3mod/projects/bring_a_jacket/app/serializers/forecast_serializer.rb": {
        "lines": [
          null,
          1,
          1,
          1,
          null,
          1,
          null,
          null,
          null
        ]
      },
      "/Users/braddunlap/Desktop/turing_work/3mod/projects/bring_a_jacket/app/controllers/api/v0/road_trip_controller.rb": {
        "lines": [
          1,
          null,
          1,
          1,
          1,
          1,
          0,
          0,
          null,
          null,
          null
        ]
      }
    },
    "timestamp": 1682451307
  }
}
