{
  "RSpec": {
    "coverage": {
      "/Users/braddunlap/Desktop/turing_work/3mod/projects/bring_a_jacket/spec/requests/api/v0/forecast_request_spec.rb": {
        "lines": [
          1,
          null,
          1,
          1,
          1,
          1,
          1,
          1,
          1,
          1,
          null,
          1,
          null,
          null,
          null,
          null,
          null,
          null,
          null,
          null,
          1,
          null,
          null,
          null,
          null,
          null,
          null,
          null,
          null,
          null,
          null,
          1,
          null,
          1,
          null,
          null,
          null,
          null
        ]
      },
      "/Users/braddunlap/Desktop/turing_work/3mod/projects/bring_a_jacket/spec/rails_helper.rb": {
        "lines": [
          null,
          1,
          1,
          null,
          1,
          1,
          null,
          1,
          1,
          null,
          null,
          null,
          null,
          null,
          null,
          null,
          null,
          null,
          null,
          null,
          null,
          null,
          null,
          null,
          null,
          null,
          null,
          null,
          null,
          1,
          null,
          0,
          null,
          1,
          null,
          1,
          null,
          null,
          null,
          null,
          1,
          null,
          null,
          null,
          null,
          null,
          null,
          null,
          null,
          null,
          null,
          null,
          null,
          null,
          null,
          null,
          null,
          null,
          1,
          null,
          null,
          1,
          null,
          null,
          null,
          1,
          1,
          1,
          1,
          null,
          null
        ]
      },
      "/Users/braddunlap/Desktop/turing_work/3mod/projects/bring_a_jacket/config/environment.rb": {
        "lines": [
          null,
          1,
          null,
          null,
          1
        ]
      },
      "/Users/braddunlap/Desktop/turing_work/3mod/projects/bring_a_jacket/config/application.rb": {
        "lines": [
          1,
          null,
          1,
          null,
          1,
          1,
          1,
          1,
          1,
          1,
          1,
          1,
          1,
          1,
          null,
          null,
          null,
          null,
          1,
          null,
          1,
          1,
          null,
          1,
          null,
          null,
          null,
          null,
          null,
          null,
          null,
          null,
          null,
          null,
          null,
          null,
          1,
          null,
          null
        ]
      },
      "/Users/braddunlap/Desktop/turing_work/3mod/projects/bring_a_jacket/config/boot.rb": {
        "lines": [
          1,
          null,
          1,
          1
        ]
      },
      "/Users/braddunlap/Desktop/turing_work/3mod/projects/bring_a_jacket/config/environments/test.rb": {
        "lines": [
          1,
          null,
          null,
          null,
          null,
          null,
          null,
          1,
          null,
          null,
          null,
          1,
          null,
          null,
          null,
          null,
          1,
          null,
          null,
          1,
          1,
          null,
          null,
          null,
          null,
          1,
          1,
          1,
          null,
          null,
          1,
          null,
          null,
          1,
          null,
          null,
          1,
          null,
          1,
          null,
          null,
          null,
          null,
          1,
          null,
          null,
          1,
          null,
          null,
          1,
          null,
          null,
          1,
          null,
          null,
          null,
          null,
          null,
          null,
          null
        ]
      },
      "/Users/braddunlap/Desktop/turing_work/3mod/projects/bring_a_jacket/config/initializers/cors.rb": {
        "lines": [
          null,
          null,
          null,
          null,
          null,
          null,
          null,
          null,
          null,
          null,
          null,
          null,
          null,
          null,
          null,
          null
        ]
      },
      "/Users/braddunlap/Desktop/turing_work/3mod/projects/bring_a_jacket/config/initializers/filter_parameter_logging.rb": {
        "lines": [
          null,
          null,
          null,
          null,
          null,
          1,
          null,
          null
        ]
      },
      "/Users/braddunlap/Desktop/turing_work/3mod/projects/bring_a_jacket/config/initializers/inflections.rb": {
        "lines": [
          null,
          null,
          null,
          null,
          null,
          null,
          null,
          null,
          null,
          null,
          null,
          null,
          null,
          null,
          null,
          null
        ]
      },
      "/Users/braddunlap/Desktop/turing_work/3mod/projects/bring_a_jacket/config/routes.rb": {
        "lines": [
          1,
          null,
          null,
          null,
          null,
          null,
          1,
          1,
          1,
          null,
          null,
          null
        ]
      },
      "/Users/braddunlap/Desktop/turing_work/3mod/projects/bring_a_jacket/spec/services/location_service_spec.rb": {
        "lines": [
          1,
          null,
          1,
          1,
          1,
          1,
          1,
          1,
          null,
          1,
          null,
          null,
          null,
          null,
          null,
          null,
          null,
          null,
          null,
          1,
          null,
          1,
          1,
          1,
          null,
          1,
          1,
          1,
          null,
          1,
          1,
          null,
          1,
          1,
          null,
          1,
          1,
          null,
          null,
          null,
          null
        ]
      },
      "/Users/braddunlap/Desktop/turing_work/3mod/projects/bring_a_jacket/app/services/location_service.rb": {
        "lines": [
          1,
          1,
          2,
          2,
          null,
          null,
          1,
          1,
          2,
          null,
          null
        ]
      },
      "/Users/braddunlap/Desktop/turing_work/3mod/projects/bring_a_jacket/spec/services/weather_service_spec.rb": {
        "lines": [
          1,
          null,
          1,
          1,
          1,
          1,
          1,
          1,
          1,
          1,
          null,
          1,
          null,
          null,
          1,
          null,
          1,
          1,
          1,
          1,
          1,
          1,
          1,
          1,
          null,
          null,
          null,
          null
        ]
      },
      "/Users/braddunlap/Desktop/turing_work/3mod/projects/bring_a_jacket/app/services/weather_service.rb": {
        "lines": [
          1,
          1,
          2,
          2,
          null,
          null,
          1,
          null,
          1,
          2,
          null,
          null
        ]
      },
      "/Users/braddunlap/Desktop/turing_work/3mod/projects/bring_a_jacket/app/controllers/api/v0/forecast_controller.rb": {
        "lines": [
          1,
          null,
          1,
          1,
          1,
          1,
          null,
          null
        ]
      },
      "/Users/braddunlap/Desktop/turing_work/3mod/projects/bring_a_jacket/app/controllers/application_controller.rb": {
        "lines": [
          1,
          null
        ]
      },
      "/Users/braddunlap/Desktop/turing_work/3mod/projects/bring_a_jacket/app/facades/weather_facade.rb": {
        "lines": [
          null,
          null,
          1,
          1,
          1,
          1,
          1,
          1,
          null,
          null,
          1,
          null,
          null,
          null,
          null,
          null,
          null,
          null,
          null,
          1,
          null,
          5,
          null,
          null,
          null,
          null,
          null,
          null,
          null,
          null,
          1,
          null,
          24,
          null,
          null,
          null,
          null,
          null,
          1,
          null,
          null
        ]
      },
      "/Users/braddunlap/Desktop/turing_work/3mod/projects/bring_a_jacket/app/poros/forecast.rb": {
        "lines": [
          1,
          1,
          null,
          1,
          1,
          1,
          1,
          1,
          1,
          null,
          null
        ]
      },
      "/Users/braddunlap/Desktop/turing_work/3mod/projects/bring_a_jacket/app/serializers/forecast_serializer.rb": {
        "lines": [
          null,
          1,
          1,
          1,
          null,
          1,
          null,
          null,
          null,
          null
        ]
      }
    },
    "timestamp": 1682187671
  }
}
